<?xml version="1.0" encoding="UTF-8"?>
<testng-results ignored="0" total="1" passed="1" failed="0" skipped="0">
  <reporter-output>
  </reporter-output>
  <suite started-at="2022-12-31T07:54:15 IST" name="Default suite" finished-at="2022-12-31T07:54:19 IST" duration-ms="3996">
    <groups>
    </groups>
    <test started-at="2022-12-31T07:54:15 IST" name="Default test" finished-at="2022-12-31T07:54:19 IST" duration-ms="3996">
      <class name="TestClassPackage3.TC_01_VerifyLoginPage">
        <test-method is-config="true" signature="setup()[pri:0, instance:TestClassPackage3.TC_01_VerifyLoginPage@9f116cc]" started-at="2022-12-31T07:54:15 IST" name="setup" finished-at="2022-12-31T07:54:18 IST" duration-ms="3551" status="PASS">
          <reporter-output>
          </reporter-output>
        </test-method> <!-- setup -->
        <test-method signature="verifylogin()[pri:0, instance:TestClassPackage3.TC_01_VerifyLoginPage@9f116cc]" started-at="2022-12-31T07:54:18 IST" name="verifylogin" finished-at="2022-12-31T07:54:19 IST" duration-ms="420" status="PASS">
          <reporter-output>
          </reporter-output>
        </test-method> <!-- verifylogin -->
      </class> <!-- TestClassPackage3.TC_01_VerifyLoginPage -->
    </test> <!-- Default test -->
  </suite> <!-- Default suite -->
</testng-results>
